c:\users\admin\source\repos\cybr_project\cybr_project\x64\debug\vc141.pdb
c:\users\admin\source\repos\cybr_project\cybr_project\x64\debug\vc141.idb
c:\users\admin\source\repos\cybr_project\cybr_project\x64\debug\game.obj
c:\users\admin\source\repos\cybr_project\cybr_project\x64\debug\gamestateplay.obj
c:\users\admin\source\repos\cybr_project\cybr_project\x64\debug\gamestatestart.obj
c:\users\admin\source\repos\cybr_project\cybr_project\x64\debug\tile.obj
c:\users\admin\source\repos\cybr_project\cybr_project\x64\debug\tilemap.obj
c:\users\admin\source\repos\cybr_project\cybr_project\x64\debug\tilemapgenerator.obj
c:\users\admin\source\repos\cybr_project\cybr_project\x64\debug\main.obj
c:\users\admin\source\repos\cybr_project\cybr_project\x64\debug\playerstate.obj
c:\users\admin\source\repos\cybr_project\cybr_project\x64\debug\pathfinder.obj
c:\users\admin\source\repos\cybr_project\cybr_project\x64\debug\unit.obj
c:\users\admin\source\repos\cybr_project\cybr_project\x64\debug\npcunit.obj
c:\users\admin\source\repos\cybr_project\cybr_project\x64\debug\playerunit.obj
c:\users\admin\source\repos\cybr_project\cybr_project\x64\debug\unitcontainer.obj
c:\users\admin\source\repos\cybr_project\x64\debug\cybr_project.exe
c:\users\admin\source\repos\cybr_project\x64\debug\cybr_project.ilk
c:\users\admin\source\repos\cybr_project\x64\debug\cybr_project.pdb
c:\users\admin\source\repos\cybr_project\cybr_project\x64\debug\cybr_project.tlog\cl.command.1.tlog
c:\users\admin\source\repos\cybr_project\cybr_project\x64\debug\cybr_project.tlog\cl.read.1.tlog
c:\users\admin\source\repos\cybr_project\cybr_project\x64\debug\cybr_project.tlog\cl.write.1.tlog
c:\users\admin\source\repos\cybr_project\cybr_project\x64\debug\cybr_project.tlog\link.command.1.tlog
c:\users\admin\source\repos\cybr_project\cybr_project\x64\debug\cybr_project.tlog\link.read.1.tlog
c:\users\admin\source\repos\cybr_project\cybr_project\x64\debug\cybr_project.tlog\link.write.1.tlog
